c:\users\slain\desktop\warface-internal-main\aye_warface\x64\release\imgui_demo.obj
c:\users\slain\desktop\warface-internal-main\aye_warface\x64\release\imgui.obj
c:\users\slain\desktop\warface-internal-main\aye_warface\x64\release\imgui_tables.obj
c:\users\slain\desktop\warface-internal-main\aye_warface\x64\release\imgui_impl_dx11.obj
c:\users\slain\desktop\warface-internal-main\aye_warface\x64\release\imgui_impl_win32.obj
c:\users\slain\desktop\warface-internal-main\aye_warface\x64\release\dllmain.obj
c:\users\slain\desktop\warface-internal-main\aye_warface\x64\release\imgui_widgets.obj
c:\users\slain\desktop\warface-internal-main\aye_warface\x64\release\imgui_draw.obj
c:\users\slain\desktop\warface-internal-main\x64\release\aye_warface.lib
c:\users\slain\desktop\warface-internal-main\x64\release\aye_warface.pdb
c:\users\slain\desktop\warface-internal-main\x64\release\aye_warface.map
c:\users\slain\desktop\warface-internal-main\x64\release\aye_warface.dll
c:\users\slain\desktop\warface-internal-main\aye_warface\x64\release\aye_warface.tlog\cl.items.tlog
c:\users\slain\desktop\warface-internal-main\aye_warface\x64\release\aye_warface.tlog\clang-cl.10092.write.1.tlog
c:\users\slain\desktop\warface-internal-main\aye_warface\x64\release\aye_warface.tlog\clang-cl.command.1.tlog
c:\users\slain\desktop\warface-internal-main\aye_warface\x64\release\aye_warface.tlog\clang-cl.read.1.tlog
c:\users\slain\desktop\warface-internal-main\aye_warface\x64\release\aye_warface.tlog\link.write.2u.tlog
c:\users\slain\desktop\warface-internal-main\aye_warface\x64\release\aye_warface.tlog\lld-link.command.1.tlog
c:\users\slain\desktop\warface-internal-main\aye_warface\x64\release\aye_warface.tlog\lld-link.read.1.tlog
c:\users\slain\desktop\warface-internal-main\aye_warface\x64\release\aye_warface.tlog\lld-link.write.1.tlog
